<?xml version="1.0" encoding="UTF-8"?>
<!-- Generated by org.testng.reporters.JUnitReportReporter -->
<testsuite hostname="SHREYAS-PC" failures="0" tests="4" name="stepDefinations.Annotations" time="0.089" errors="0" timestamp="2022-04-14T19:00:41 IST" skipped="1">
  <testcase classname="stepDefinations.Annotations" name="test3" time="0.043"/>
  <system-out/>
  <testcase classname="stepDefinations.Annotations" name="test1" time="0.029"/>
  <system-out/>
  <testcase classname="stepDefinations.Annotations" name="test4" time="0.017"/>
  <system-out/>
  <testcase classname="stepDefinations.Annotations" name="test2">
    <skipped/>
  </testcase> <!-- test2 -->
  <system-out/>
</testsuite> <!-- stepDefinations.Annotations -->
